<?xml version="1.0" encoding="UTF-8"?><testsuite errors="0" failures="0" name="com.restapiexample.dummy.allemployeeinfo.AllEmployeeCRUDTest" skipped="0" tests="4" time="5.45" timestamp="2022-06-06T00:21:53.421+01:00[Europe/London]"><testcase classname="com.restapiexample.dummy.allemployeeinfo.AllEmployeeCRUDTest" name="This will create a new employee"/><testcase classname="com.restapiexample.dummy.allemployeeinfo.AllEmployeeCRUDTest" name="Verify if the employee was added to the application employee_name = Jenette Caldwell"/><testcase classname="com.restapiexample.dummy.allemployeeinfo.AllEmployeeCRUDTest" name="Update the employee information and verify the updated information for ID = 24"/><testcase classname="com.restapiexample.dummy.allemployeeinfo.AllEmployeeCRUDTest" name="Delete the employee and verify if the employee is deleted! for ID = 4"/></testsuite>